<?xml version="1.0" encoding="UTF-8"?>
<!-- Generated by org.testng.reporters.JUnitReportReporter -->
<testsuite skipped="0" hostname="LAPTOP-RI1QAICQ" name="testpack.test.pack.TestAutosuggestions" tests="1" failures="0" timestamp="06 Mar 2019 05:51:53 GMT" time="0.095" errors="0">
  <testcase name="verif_string" time="0.095" classname="testpack.test.pack.TestAutosuggestions"/>
</testsuite> <!-- testpack.test.pack.TestAutosuggestions -->
